<?xml version="1.0" encoding="UTF-8"?>
<testng-results ignored="0" total="1" passed="1" failed="0" skipped="0">
  <reporter-output>
    <line>
      <![CDATA[openBrowser]]>
    </line>
    <line>
      <![CDATA[login]]>
    </line>
    <line>
      <![CDATA[create customer]]>
    </line>
    <line>
      <![CDATA[logout]]>
    </line>
    <line>
      <![CDATA[close browser]]>
    </line>
  </reporter-output>
  <suite started-at="2023-04-12T09:39:06 IST" name="Default suite" finished-at="2023-04-12T09:40:10 IST" duration-ms="63177">
    <groups>
    </groups>
    <test started-at="2023-04-12T09:39:06 IST" name="Default test" finished-at="2023-04-12T09:40:10 IST" duration-ms="63177">
      <class name="com.actitime.testscript.CreateCustomer">
        <test-method is-config="true" signature="openBrowser()[pri:0, instance:com.actitime.testscript.CreateCustomer@c33b74f]" started-at="2023-04-12T09:39:06 IST" name="openBrowser" finished-at="2023-04-12T09:39:15 IST" duration-ms="8609" status="PASS">
          <reporter-output>
            <line>
              <![CDATA[openBrowser]]>
            </line>
          </reporter-output>
        </test-method> <!-- openBrowser -->
        <test-method is-config="true" signature="login()[pri:0, instance:com.actitime.testscript.CreateCustomer@c33b74f]" started-at="2023-04-12T09:39:15 IST" name="login" finished-at="2023-04-12T09:39:31 IST" duration-ms="16205" status="PASS">
          <reporter-output>
            <line>
              <![CDATA[login]]>
            </line>
          </reporter-output>
        </test-method> <!-- login -->
        <test-method signature="createCustomer()[pri:0, instance:com.actitime.testscript.CreateCustomer@c33b74f]" started-at="2023-04-12T09:39:31 IST" name="createCustomer" finished-at="2023-04-12T09:40:02 IST" duration-ms="31292" status="PASS">
          <reporter-output>
            <line>
              <![CDATA[create customer]]>
            </line>
          </reporter-output>
        </test-method> <!-- createCustomer -->
        <test-method is-config="true" signature="logout()[pri:0, instance:com.actitime.testscript.CreateCustomer@c33b74f]" started-at="2023-04-12T09:40:02 IST" name="logout" finished-at="2023-04-12T09:40:09 IST" duration-ms="6413" status="PASS">
          <reporter-output>
            <line>
              <![CDATA[logout]]>
            </line>
          </reporter-output>
        </test-method> <!-- logout -->
        <test-method is-config="true" signature="closeBrowser()[pri:0, instance:com.actitime.testscript.CreateCustomer@c33b74f]" started-at="2023-04-12T09:40:09 IST" name="closeBrowser" finished-at="2023-04-12T09:40:10 IST" duration-ms="588" status="PASS">
          <reporter-output>
            <line>
              <![CDATA[close browser]]>
            </line>
          </reporter-output>
        </test-method> <!-- closeBrowser -->
      </class> <!-- com.actitime.testscript.CreateCustomer -->
    </test> <!-- Default test -->
  </suite> <!-- Default suite -->
</testng-results>
